<?xml version="1.0" encoding="UTF-8"?>
<!-- Generated by org.testng.reporters.JUnitXMLReporter -->
<testsuite ignored="4" hostname="LAPTOP-471TUT24" failures="0" tests="1" name="Default test" time="20.807" errors="0" timestamp="2023-10-12T11:00:07 IST">
  <testcase classname="com.redbus.testpages.HomePageTest" name="Home_Page_Test" time="9.657"/>
  <testcase classname="com.redbus.base.BaseTest" name="@BeforeTest getnameMethod" time="0.0">
    <ignored/>
  </testcase> <!-- @BeforeTest getnameMethod -->
  <testcase classname="com.redbus.base.BaseTest" name="@AfterSuite generateReports" time="0.0">
    <ignored/>
  </testcase> <!-- @AfterSuite generateReports -->
  <testcase classname="com.redbus.base.BaseTest" name="@AfterTest closeBrowser" time="0.0">
    <ignored/>
  </testcase> <!-- @AfterTest closeBrowser -->
  <testcase classname="com.redbus.base.BaseTest" name="@BeforeSuite InitalizeExtentReport" time="0.0">
    <ignored/>
  </testcase> <!-- @BeforeSuite InitalizeExtentReport -->
</testsuite> <!-- Default test -->
