<?xml version="1.0" encoding="UTF-8"?>
<testng-results ignored="4" total="5" passed="1" failed="0" skipped="0">
  <reporter-output>
  </reporter-output>
  <suite started-at="2023-10-12T10:59:46 IST" name="Default suite" finished-at="2023-10-12T11:00:07 IST" duration-ms="20807">
    <groups>
    </groups>
    <test started-at="2023-10-12T10:59:46 IST" name="Default test" finished-at="2023-10-12T11:00:07 IST" duration-ms="20807">
      <class name="com.redbus.testpages.HomePageTest">
        <test-method is-config="true" signature="InitalizeExtentReport()[pri:0, instance:com.redbus.testpages.HomePageTest@7d9d0818]" started-at="2023-10-12T10:59:45 IST" name="InitalizeExtentReport" finished-at="2023-10-12T10:59:46 IST" duration-ms="419" status="PASS">
          <reporter-output>
          </reporter-output>
        </test-method> <!-- InitalizeExtentReport -->
        <test-method is-config="true" signature="getnameMethod(org.testng.ITestContext)[pri:0, instance:com.redbus.testpages.HomePageTest@7d9d0818]" started-at="2023-10-12T10:59:46 IST" name="getnameMethod" finished-at="2023-10-12T10:59:46 IST" duration-ms="24" status="PASS">
          <params>
            <param index="0">
              <value>
                <![CDATA[org.testng.TestRunner@3b8ec001]]>
              </value>
            </param>
          </params>
          <reporter-output>
          </reporter-output>
        </test-method> <!-- getnameMethod -->
        <test-method is-config="true" signature="test()[pri:0, instance:com.redbus.testpages.HomePageTest@7d9d0818]" started-at="2023-10-12T10:59:46 IST" name="test" finished-at="2023-10-12T10:59:54 IST" depends-on-methods="com.redbus.base.BaseTest.getnameMethod" duration-ms="8379" status="PASS">
          <reporter-output>
          </reporter-output>
        </test-method> <!-- test -->
        <test-method signature="Home_Page_Test()[pri:0, instance:com.redbus.testpages.HomePageTest@7d9d0818]" started-at="2023-10-12T10:59:54 IST" name="Home_Page_Test" finished-at="2023-10-12T11:00:04 IST" duration-ms="9657" status="PASS">
          <reporter-output>
          </reporter-output>
        </test-method> <!-- Home_Page_Test -->
        <test-method is-config="true" signature="generateTestStatus(java.lang.reflect.Method,org.testng.ITestResult)[pri:0, instance:com.redbus.testpages.HomePageTest@7d9d0818]" started-at="2023-10-12T11:00:04 IST" name="generateTestStatus" finished-at="2023-10-12T11:00:04 IST" duration-ms="8" status="PASS">
          <params>
            <param index="0">
              <value>
                <![CDATA[public void com.redbus.testpages.HomePageTest.Home_Page_Test() throws java.lang.InterruptedException]]>
              </value>
            </param>
            <param index="1">
              <value>
                <![CDATA[[TestResult name=Home_Page_Test status=SUCCESS method=HomePageTest.Home_Page_Test()[pri:0, instance:com.redbus.testpages.HomePageTest@7d9d0818] output={null}]]]>
              </value>
            </param>
          </params>
          <reporter-output>
          </reporter-output>
        </test-method> <!-- generateTestStatus -->
        <test-method is-config="true" signature="closeBrowser()[pri:0, instance:com.redbus.testpages.HomePageTest@7d9d0818]" started-at="2023-10-12T11:00:04 IST" name="closeBrowser" finished-at="2023-10-12T11:00:07 IST" duration-ms="2686" status="PASS">
          <reporter-output>
          </reporter-output>
        </test-method> <!-- closeBrowser -->
        <test-method is-config="true" signature="generateReports()[pri:0, instance:com.redbus.testpages.HomePageTest@7d9d0818]" started-at="2023-10-12T11:00:07 IST" name="generateReports" finished-at="2023-10-12T11:00:08 IST" duration-ms="1505" status="PASS">
          <reporter-output>
          </reporter-output>
        </test-method> <!-- generateReports -->
      </class> <!-- com.redbus.testpages.HomePageTest -->
    </test> <!-- Default test -->
  </suite> <!-- Default suite -->
</testng-results>
